This is pdfTeX, Version 3.14159265-2.6-1.40.20 (TeX Live 2019) (preloaded format=latex 2019.10.6)  19 DEC 2020 16:37
entering extended mode
 restricted \write18 enabled.
 %&-line parsing enabled.
**transducer_models.cir
(./transducer_models.cir
LaTeX2e <2019-10-01>
Babel <3.9l> and hyphenation patterns for 84 languages loaded.

! LaTeX Error: Missing \begin{document}.

See the LaTeX manual or LaTeX Companion for explanation.
Type  H <return>  for immediate help.
 ...                                              
                                                  
l.2 *
      Value of the capacitance as a function of x for a capacitive transducer
? X
 
Here is how much of TeX's memory you used:
 7 strings out of 492197
 304 string characters out of 6125782
 58395 words of memory out of 5000000
 4439 multiletter control sequences out of 15000+600000
 3640 words of font info for 14 fonts, out of 8000000 for 9000
 1141 hyphenation exceptions out of 8191
 5i,0n,4p,99b,14s stack positions out of 5000i,500n,10000p,200000b,80000s
No pages of output.
